Start testing: Apr 07 17:33 EDT
----------------------------------------------------------
1/3 Testing: defUseAnalysisTestOn/home/saber/GitHub/DemandDrivenDefUseAnalysis/_build/test/defUseIntra.ll
1/3 Test: defUseAnalysisTestOn/home/saber/GitHub/DemandDrivenDefUseAnalysis/_build/test/defUseIntra.ll
Command: "/bin/bash" "-c" "opt -load /home/saber/GitHub/DemandDrivenDefUseAnalysis/_build/libdefUseAnalysis.so -defUseAnalysis -analyze /home/saber/GitHub/DemandDrivenDefUseAnalysis/_build/test/defUseIntra.ll"
Directory: /home/saber/GitHub/DemandDrivenDefUseAnalysis/_build
"defUseAnalysisTestOn/home/saber/GitHub/DemandDrivenDefUseAnalysis/_build/test/defUseIntra.ll" start time: Apr 07 17:33 EDT
Output:
----------------------------------------------------------
Printing analysis 'Def-Use Analysis' for function '_Z3foov':
# of def-use pairs: 23 (23)
<end of output>
Test time =   0.08 sec
----------------------------------------------------------
Test Passed.
"defUseAnalysisTestOn/home/saber/GitHub/DemandDrivenDefUseAnalysis/_build/test/defUseIntra.ll" end time: Apr 07 17:33 EDT
"defUseAnalysisTestOn/home/saber/GitHub/DemandDrivenDefUseAnalysis/_build/test/defUseIntra.ll" time elapsed: 00:00:00
----------------------------------------------------------

2/3 Testing: correlationDetection_RWOTestOn/home/saber/GitHub/DemandDrivenDefUseAnalysis/_build/test/defUseIntra.ll
2/3 Test: correlationDetection_RWOTestOn/home/saber/GitHub/DemandDrivenDefUseAnalysis/_build/test/defUseIntra.ll
Command: "/bin/bash" "-c" "opt -load /home/saber/GitHub/DemandDrivenDefUseAnalysis/_build/libcorrelationDetection_RWO.so -correlationDetection_RWO -analyze /home/saber/GitHub/DemandDrivenDefUseAnalysis/_build/test/defUseIntra.ll"
Directory: /home/saber/GitHub/DemandDrivenDefUseAnalysis/_build
"correlationDetection_RWOTestOn/home/saber/GitHub/DemandDrivenDefUseAnalysis/_build/test/defUseIntra.ll" start time: Apr 07 17:33 EDT
Output:
----------------------------------------------------------
Printing analysis 'Def-Use analysis refining with the infeasible path detection' for function '_Z3foov':
# of def-use pairs: 23 (23)
<end of output>
Test time =   0.06 sec
----------------------------------------------------------
Test Passed.
"correlationDetection_RWOTestOn/home/saber/GitHub/DemandDrivenDefUseAnalysis/_build/test/defUseIntra.ll" end time: Apr 07 17:33 EDT
"correlationDetection_RWOTestOn/home/saber/GitHub/DemandDrivenDefUseAnalysis/_build/test/defUseIntra.ll" time elapsed: 00:00:00
----------------------------------------------------------

3/3 Testing: correlationDetection_RWTestOn/home/saber/GitHub/DemandDrivenDefUseAnalysis/_build/test/defUseIntra.ll
3/3 Test: correlationDetection_RWTestOn/home/saber/GitHub/DemandDrivenDefUseAnalysis/_build/test/defUseIntra.ll
Command: "/bin/bash" "-c" "opt -load /home/saber/GitHub/DemandDrivenDefUseAnalysis/_build/libcorrelationDetection_RW.so -correlationDetection_RW -analyze /home/saber/GitHub/DemandDrivenDefUseAnalysis/_build/test/defUseIntra.ll"
Directory: /home/saber/GitHub/DemandDrivenDefUseAnalysis/_build
"correlationDetection_RWTestOn/home/saber/GitHub/DemandDrivenDefUseAnalysis/_build/test/defUseIntra.ll" start time: Apr 07 17:33 EDT
Output:
----------------------------------------------------------
Printing analysis 'Def-Use analysis refining with the infeasible path detection' for function '_Z3foov':
# of def-use pairs: 21 (21)
<end of output>
Test time =   0.05 sec
----------------------------------------------------------
Test Passed.
"correlationDetection_RWTestOn/home/saber/GitHub/DemandDrivenDefUseAnalysis/_build/test/defUseIntra.ll" end time: Apr 07 17:33 EDT
"correlationDetection_RWTestOn/home/saber/GitHub/DemandDrivenDefUseAnalysis/_build/test/defUseIntra.ll" time elapsed: 00:00:00
----------------------------------------------------------

End testing: Apr 07 17:33 EDT
